c:\users\vanja\source\repos\uit-pad\uit-pad\x64\debug\vc143.pdb
c:\users\vanja\source\repos\uit-pad\uit-pad\x64\debug\vc143.idb
c:\users\vanja\source\repos\uit-pad\uit-pad\x64\debug\qrc_uitpad.obj
c:\users\vanja\source\repos\uit-pad\uit-pad\x64\debug\main.obj
c:\users\vanja\source\repos\uit-pad\uit-pad\x64\debug\uitpad.obj
c:\users\vanja\source\repos\uit-pad\uit-pad\x64\debug\moc_uitpad.obj
c:\users\vanja\source\repos\uit-pad\x64\debug\uit-pad.exe
c:\users\vanja\source\repos\uit-pad\x64\debug\uit-pad.pdb
c:\users\vanja\source\repos\uit-pad\uit-pad\x64\debug\qt\moc\moc_uitpad.cpp
c:\users\vanja\source\repos\uit-pad\uit-pad\x64\debug\qt\rcc\qrc_uitpad.cpp
c:\users\vanja\source\repos\uit-pad\uit-pad\x64\debug\qt\uic\ui_uitpad.h
c:\users\vanja\source\repos\uit-pad\uit-pad\x64\debug\uit-pad.ilk
c:\users\vanja\source\repos\uit-pad\uit-pad\x64\debug\uit-pad.tlog\cl.command.1.tlog
c:\users\vanja\source\repos\uit-pad\uit-pad\x64\debug\uit-pad.tlog\cl.items.tlog
c:\users\vanja\source\repos\uit-pad\uit-pad\x64\debug\uit-pad.tlog\cl.read.1.tlog
c:\users\vanja\source\repos\uit-pad\uit-pad\x64\debug\uit-pad.tlog\cl.write.1.tlog
c:\users\vanja\source\repos\uit-pad\uit-pad\x64\debug\uit-pad.tlog\link.command.1.tlog
c:\users\vanja\source\repos\uit-pad\uit-pad\x64\debug\uit-pad.tlog\link.read.1.tlog
c:\users\vanja\source\repos\uit-pad\uit-pad\x64\debug\uit-pad.tlog\link.secondary.1.tlog
c:\users\vanja\source\repos\uit-pad\uit-pad\x64\debug\uit-pad.tlog\link.write.1.tlog
c:\users\vanja\source\repos\uit-pad\uit-pad\x64\debug\uit-pad.tlog\moc.read.1u.tlog
c:\users\vanja\source\repos\uit-pad\uit-pad\x64\debug\uit-pad.tlog\moc.write.1u.tlog
c:\users\vanja\source\repos\uit-pad\uit-pad\x64\debug\uit-pad.tlog\rcc.read.1u.tlog
c:\users\vanja\source\repos\uit-pad\uit-pad\x64\debug\uit-pad.tlog\rcc.write.1u.tlog
c:\users\vanja\source\repos\uit-pad\uit-pad\x64\debug\uit-pad.tlog\uic.read.1u.tlog
c:\users\vanja\source\repos\uit-pad\uit-pad\x64\debug\uit-pad.tlog\uic.write.1u.tlog
c:\users\vanja\source\repos\uit-pad\uit-pad\x64\debug\uit-pad.tlog\uit-pad.write.1u.tlog
